


ARM Macro Assembler    Page 1 


    1 00000000         ;*******************************************************
                       ************************
    2 00000000         ;* File Name          : startup_stm32f407xx.s
    3 00000000         ;* Author             : MCD Application Team
    4 00000000         ;* Description        : STM32F407xx devices vector table
                        for MDK-ARM toolchain. 
    5 00000000         ;*                      This module performs:
    6 00000000         ;*                      - Set the initial SP
    7 00000000         ;*                      - Set the initial PC == Reset_Ha
                       ndler
    8 00000000         ;*                      - Set the vector table entries w
                       ith the exceptions ISR address
    9 00000000         ;*                      - Branches to __main in the C li
                       brary (which eventually
   10 00000000         ;*                        calls main()).
   11 00000000         ;*                      After Reset the CortexM4 process
                       or is in Thread mode,
   12 00000000         ;*                      priority is Privileged, and the 
                       Stack is set to Main.
   13 00000000         ;*******************************************************
                       ************************
   14 00000000         ;* @attention
   15 00000000         ;*
   16 00000000         ;* Copyright (c) 2017 STMicroelectronics.
   17 00000000         ;* All rights reserved.
   18 00000000         ;*
   19 00000000         ;* This software is licensed under terms that can be fou
                       nd in the LICENSE file
   20 00000000         ;* in the root directory of this software component.
   21 00000000         ;* If no LICENSE file comes with this software, it is pr
                       ovided AS-IS.
   22 00000000         ;*
   23 00000000         ;*******************************************************
                       ************************
   24 00000000         ;* <<< Use Configuration Wizard in Context Menu >>>
   25 00000000         ;
   26 00000000         ; Amount of memory (in bytes) allocated for Stack
   27 00000000         ; Tailor this value to your application needs
   28 00000000         ; <h> Stack Configuration
   29 00000000         ;   <o> Stack Size (in Bytes) <0x0-0xFFFFFFFF:8>
   30 00000000         ; </h>
   31 00000000         
   32 00000000 00001000 
                       Stack_Size
                               EQU              0x1000
   33 00000000         
   34 00000000                 AREA             STACK, NOINIT, READWRITE, ALIGN
=3
   35 00000000         Stack_Mem
                               SPACE            Stack_Size
   36 00001000         __initial_sp
   37 00001000         
   38 00001000         
   39 00001000         ; <h> Heap Configuration
   40 00001000         ;   <o>  Heap Size (in Bytes) <0x0-0xFFFFFFFF:8>
   41 00001000         ; </h>
   42 00001000         
   43 00001000 00001000 
                       Heap_Size



ARM Macro Assembler    Page 2 


                               EQU              0x1000
   44 00001000         
   45 00001000                 AREA             HEAP, NOINIT, READWRITE, ALIGN=
3
   46 00000000         __heap_base
   47 00000000         Heap_Mem
                               SPACE            Heap_Size
   48 00001000         __heap_limit
   49 00001000         
   50 00001000                 PRESERVE8
   51 00001000                 THUMB
   52 00001000         
   53 00001000         
   54 00001000         ; Vector Table Mapped to Address 0 at Reset
   55 00001000                 AREA             RESET, DATA, READONLY
   56 00000000                 EXPORT           __Vectors
   57 00000000                 EXPORT           __Vectors_End
   58 00000000                 EXPORT           __Vectors_Size
   59 00000000         
   60 00000000 00000000 
                       __Vectors
                               DCD              __initial_sp ; Top of Stack
   61 00000004 00000000        DCD              Reset_Handler ; Reset Handler
   62 00000008 00000000        DCD              NMI_Handler ; NMI Handler
   63 0000000C 00000000        DCD              HardFault_Handler ; Hard Fault 
                                                            Handler
   64 00000010 00000000        DCD              MemManage_Handler 
                                                            ; MPU Fault Handler
                                                            
   65 00000014 00000000        DCD              BusFault_Handler 
                                                            ; Bus Fault Handler
                                                            
   66 00000018 00000000        DCD              UsageFault_Handler ; Usage Faul
                                                            t Handler
   67 0000001C 00000000        DCD              0           ; Reserved
   68 00000020 00000000        DCD              0           ; Reserved
   69 00000024 00000000        DCD              0           ; Reserved
   70 00000028 00000000        DCD              0           ; Reserved
   71 0000002C 00000000        DCD              SVC_Handler ; SVCall Handler
   72 00000030 00000000        DCD              DebugMon_Handler ; Debug Monito
                                                            r Handler
   73 00000034 00000000        DCD              0           ; Reserved
   74 00000038 00000000        DCD              PendSV_Handler ; PendSV Handler
                                                            
   75 0000003C 00000000        DCD              SysTick_Handler 
                                                            ; SysTick Handler
   76 00000040         
   77 00000040         ; External Interrupts
   78 00000040 00000000        DCD              WWDG_IRQHandler ; Window WatchD
                                                            og                 
                                                                               
                                                                
   79 00000044 00000000        DCD              PVD_IRQHandler ; PVD through EX
                                                            TI Line detection  
                                                                               
                                                               
   80 00000048 00000000        DCD              TAMP_STAMP_IRQHandler ; Tamper 
                                                            and TimeStamps thro
                                                            ugh the EXTI line  



ARM Macro Assembler    Page 3 


                                                                      
   81 0000004C 00000000        DCD              RTC_WKUP_IRQHandler ; RTC Wakeu
                                                            p through the EXTI 
                                                            line               
                                                                    
   82 00000050 00000000        DCD              FLASH_IRQHandler ; FLASH       
                                                                               
                                                                             
   83 00000054 00000000        DCD              RCC_IRQHandler ; RCC           
                                                                               
                                                                           
   84 00000058 00000000        DCD              EXTI0_IRQHandler ; EXTI Line0  
                                                                               
                                                                               
                                                                 
   85 0000005C 00000000        DCD              EXTI1_IRQHandler ; EXTI Line1  
                                                                               
                                                                               
                                                                 
   86 00000060 00000000        DCD              EXTI2_IRQHandler ; EXTI Line2  
                                                                               
                                                                               
                                                                 
   87 00000064 00000000        DCD              EXTI3_IRQHandler ; EXTI Line3  
                                                                               
                                                                               
                                                                 
   88 00000068 00000000        DCD              EXTI4_IRQHandler ; EXTI Line4  
                                                                               
                                                                               
                                                                 
   89 0000006C 00000000        DCD              DMA1_Stream0_IRQHandler ; DMA1 
                                                            Stream 0           
                                                                               
                                                                 
   90 00000070 00000000        DCD              DMA1_Stream1_IRQHandler ; DMA1 
                                                            Stream 1           
                                                                               
                                                                 
   91 00000074 00000000        DCD              DMA1_Stream2_IRQHandler ; DMA1 
                                                            Stream 2           
                                                                               
                                                                 
   92 00000078 00000000        DCD              DMA1_Stream3_IRQHandler ; DMA1 
                                                            Stream 3           
                                                                               
                                                                 
   93 0000007C 00000000        DCD              DMA1_Stream4_IRQHandler ; DMA1 
                                                            Stream 4           
                                                                               
                                                                 
   94 00000080 00000000        DCD              DMA1_Stream5_IRQHandler ; DMA1 
                                                            Stream 5           
                                                                               
                                                                 
   95 00000084 00000000        DCD              DMA1_Stream6_IRQHandler ; DMA1 
                                                            Stream 6           
                                                                               
                                                                 



ARM Macro Assembler    Page 4 


   96 00000088 00000000        DCD              ADC_IRQHandler ; ADC1, ADC2 and
                                                             ADC3s             
                                                                           
   97 0000008C 00000000        DCD              CAN1_TX_IRQHandler ; CAN1 TX   
                                                                               
                                                                               
                                                                   
   98 00000090 00000000        DCD              CAN1_RX0_IRQHandler ; CAN1 RX0 
                                                                               
                                                                               
                                                                    
   99 00000094 00000000        DCD              CAN1_RX1_IRQHandler ; CAN1 RX1 
                                                                               
                                                                               
                                                                    
  100 00000098 00000000        DCD              CAN1_SCE_IRQHandler ; CAN1 SCE 
                                                                               
                                                                               
                                                                    
  101 0000009C 00000000        DCD              EXTI9_5_IRQHandler ; External L
                                                            ine[9:5]s          
                                                                               
                                                                   
  102 000000A0 00000000        DCD              TIM1_BRK_TIM9_IRQHandler ; TIM1
                                                             Break and TIM9    
                                                                           
  103 000000A4 00000000        DCD              TIM1_UP_TIM10_IRQHandler ; TIM1
                                                             Update and TIM10  
                                                                           
  104 000000A8 00000000        DCD              TIM1_TRG_COM_TIM11_IRQHandler ;
                                                             TIM1 Trigger and C
                                                            ommutation and TIM1
                                                            1
  105 000000AC 00000000        DCD              TIM1_CC_IRQHandler ; TIM1 Captu
                                                            re Compare         
                                                                               
                                                                   
  106 000000B0 00000000        DCD              TIM2_IRQHandler ; TIM2         
                                                                               
                                                                            
  107 000000B4 00000000        DCD              TIM3_IRQHandler ; TIM3         
                                                                               
                                                                            
  108 000000B8 00000000        DCD              TIM4_IRQHandler ; TIM4         
                                                                               
                                                                            
  109 000000BC 00000000        DCD              I2C1_EV_IRQHandler ; I2C1 Event
                                                                               
                                                                               
                                                                   
  110 000000C0 00000000        DCD              I2C1_ER_IRQHandler ; I2C1 Error
                                                                               
                                                                               
                                                                   
  111 000000C4 00000000        DCD              I2C2_EV_IRQHandler ; I2C2 Event
                                                                               
                                                                               
                                                                   
  112 000000C8 00000000        DCD              I2C2_ER_IRQHandler ; I2C2 Error



ARM Macro Assembler    Page 5 


                                                                               
                                                                               
                                                                     
  113 000000CC 00000000        DCD              SPI1_IRQHandler ; SPI1         
                                                                               
                                                                            
  114 000000D0 00000000        DCD              SPI2_IRQHandler ; SPI2         
                                                                               
                                                                            
  115 000000D4 00000000        DCD              USART1_IRQHandler ; USART1     
                                                                               
                                                                              
  116 000000D8 00000000        DCD              USART2_IRQHandler ; USART2     
                                                                               
                                                                              
  117 000000DC 00000000        DCD              USART3_IRQHandler ; USART3     
                                                                               
                                                                              
  118 000000E0 00000000        DCD              EXTI15_10_IRQHandler ; External
                                                             Line[15:10]s      
                                                                               
                                                                     
  119 000000E4 00000000        DCD              RTC_Alarm_IRQHandler ; RTC Alar
                                                            m (A and B) through
                                                             EXTI Line         
                                                                     
  120 000000E8 00000000        DCD              OTG_FS_WKUP_IRQHandler ; USB OT
                                                            G FS Wakeup through
                                                             EXTI line         
                                                                           
  121 000000EC 00000000        DCD              TIM8_BRK_TIM12_IRQHandler ; TIM
                                                            8 Break and TIM12  
                                                                            
  122 000000F0 00000000        DCD              TIM8_UP_TIM13_IRQHandler ; TIM8
                                                             Update and TIM13  
                                                                           
  123 000000F4 00000000        DCD              TIM8_TRG_COM_TIM14_IRQHandler ;
                                                             TIM8 Trigger and C
                                                            ommutation and TIM1
                                                            4
  124 000000F8 00000000        DCD              TIM8_CC_IRQHandler ; TIM8 Captu
                                                            re Compare         
                                                                               
                                                                   
  125 000000FC 00000000        DCD              DMA1_Stream7_IRQHandler ; DMA1 
                                                            Stream7            
                                                                               
                                                                        
  126 00000100 00000000        DCD              FMC_IRQHandler ; FMC           
                                                                               
                                                                           
  127 00000104 00000000        DCD              SDIO_IRQHandler ; SDIO         
                                                                               
                                                                            
  128 00000108 00000000        DCD              TIM5_IRQHandler ; TIM5         
                                                                               
                                                                            
  129 0000010C 00000000        DCD              SPI3_IRQHandler ; SPI3         
                                                                               



ARM Macro Assembler    Page 6 


                                                                            
  130 00000110 00000000        DCD              UART4_IRQHandler ; UART4       
                                                                               
                                                                             
  131 00000114 00000000        DCD              UART5_IRQHandler ; UART5       
                                                                               
                                                                             
  132 00000118 00000000        DCD              TIM6_DAC_IRQHandler ; TIM6 and 
                                                            DAC1&2 underrun err
                                                            ors                
                                                               
  133 0000011C 00000000        DCD              TIM7_IRQHandler ; TIM7         
                                                                      
  134 00000120 00000000        DCD              DMA2_Stream0_IRQHandler ; DMA2 
                                                            Stream 0           
                                                                               
                                                                 
  135 00000124 00000000        DCD              DMA2_Stream1_IRQHandler ; DMA2 
                                                            Stream 1           
                                                                               
                                                                 
  136 00000128 00000000        DCD              DMA2_Stream2_IRQHandler ; DMA2 
                                                            Stream 2           
                                                                               
                                                                 
  137 0000012C 00000000        DCD              DMA2_Stream3_IRQHandler ; DMA2 
                                                            Stream 3           
                                                                               
                                                                 
  138 00000130 00000000        DCD              DMA2_Stream4_IRQHandler ; DMA2 
                                                            Stream 4           
                                                                               
                                                                 
  139 00000134 00000000        DCD              ETH_IRQHandler ; Ethernet      
                                                                               
                                                                           
  140 00000138 00000000        DCD              ETH_WKUP_IRQHandler ; Ethernet 
                                                            Wakeup through EXTI
                                                             line              
                                                                    
  141 0000013C 00000000        DCD              CAN2_TX_IRQHandler ; CAN2 TX   
                                                                               
                                                                               
                                                                   
  142 00000140 00000000        DCD              CAN2_RX0_IRQHandler ; CAN2 RX0 
                                                                               
                                                                               
                                                                    
  143 00000144 00000000        DCD              CAN2_RX1_IRQHandler ; CAN2 RX1 
                                                                               
                                                                               
                                                                    
  144 00000148 00000000        DCD              CAN2_SCE_IRQHandler ; CAN2 SCE 
                                                                               
                                                                               
                                                                    
  145 0000014C 00000000        DCD              OTG_FS_IRQHandler ; USB OTG FS 
                                                                               
                                                                              



ARM Macro Assembler    Page 7 


  146 00000150 00000000        DCD              DMA2_Stream5_IRQHandler ; DMA2 
                                                            Stream 5           
                                                                               
                                                                 
  147 00000154 00000000        DCD              DMA2_Stream6_IRQHandler ; DMA2 
                                                            Stream 6           
                                                                               
                                                                 
  148 00000158 00000000        DCD              DMA2_Stream7_IRQHandler ; DMA2 
                                                            Stream 7           
                                                                               
                                                                 
  149 0000015C 00000000        DCD              USART6_IRQHandler ; USART6     
                                                                               
                                                                               
                                                            
  150 00000160 00000000        DCD              I2C3_EV_IRQHandler ; I2C3 event
                                                                               
                                                                               
                                                                   
  151 00000164 00000000        DCD              I2C3_ER_IRQHandler ; I2C3 error
                                                                               
                                                                               
                                                                   
  152 00000168 00000000        DCD              OTG_HS_EP1_OUT_IRQHandler ; USB
                                                             OTG HS End Point 1
                                                             Out               
                                                                   
  153 0000016C 00000000        DCD              OTG_HS_EP1_IN_IRQHandler ; USB 
                                                            OTG HS End Point 1 
                                                            In                 
                                                                  
  154 00000170 00000000        DCD              OTG_HS_WKUP_IRQHandler ; USB OT
                                                            G HS Wakeup through
                                                             EXTI              
                                                                       
  155 00000174 00000000        DCD              OTG_HS_IRQHandler ; USB OTG HS 
                                                                               
                                                                              
  156 00000178 00000000        DCD              DCMI_IRQHandler ; DCMI  
  157 0000017C 00000000        DCD              0           ; Reserved         
                                                                               
                                                                  
  158 00000180 00000000        DCD              HASH_RNG_IRQHandler 
                                                            ; Hash and Rng
  159 00000184 00000000        DCD              FPU_IRQHandler ; FPU
  160 00000188         
  161 00000188         
  162 00000188         __Vectors_End
  163 00000188         
  164 00000188 00000188 
                       __Vectors_Size
                               EQU              __Vectors_End - __Vectors
  165 00000188         
  166 00000188                 AREA             |.text|, CODE, READONLY
  167 00000000         
  168 00000000         ; Reset handler
  169 00000000         Reset_Handler
                               PROC



ARM Macro Assembler    Page 8 


  170 00000000                 EXPORT           Reset_Handler             [WEAK
]
  171 00000000                 IMPORT           SystemInit
  172 00000000                 IMPORT           __main
  173 00000000         
  174 00000000         ; ===== IMMEDIATE FEED DOG & TURN ON PF10 =====
  175 00000000         ; ĘąÄÜ GPIOF Ę±ÖÓ (RCC->AHB1ENR bit5)
  176 00000000 4812            LDR              R0, =0x40023830
  177 00000002 6801            LDR              R1, [R0]
  178 00000004 F041 0120       ORR              R1, R1, #0x20
  179 00000008 6001            STR              R1, [R0]
  180 0000000A         
  181 0000000A         ; ĹäÖĂ PF10 ÎŞĘäłö (MODER Çĺłý [21:20], Č»şóÉčÖĂ bit20)
  182 0000000A 4811            LDR              R0, =0x40021400
  183 0000000C 6801            LDR              R1, [R0]
  184 0000000E F44F 1240       LDR              R2, =0x00300000 ; ŃÚÂë 0x003000
                                                            00 (bits 21:20)
  185 00000012 EA21 0102       BIC              R1, R1, R2
  186 00000016 F44F 1280       LDR              R2, =0x00100000 ; bit20 = 1
  187 0000001A EA41 0102       ORR              R1, R1, R2
  188 0000001E 6001            STR              R1, [R0]
  189 00000020         
  190 00000020         ; PF10 ÖĂ¸ß (BSRR bit10)
  191 00000020 480C            LDR              R0, =0x40021418
  192 00000022 F44F 6180       LDR              R1, =0x00000400
  193 00000026 6001            STR              R1, [R0]
  194 00000028         
  195 00000028         ; Îąą· (IWDG->KR = 0xAAAA)
  196 00000028 480B            LDR              R0, =0x40003000
  197 0000002A F64A 21AA       LDR              R1, =0x0000AAAA
  198 0000002E 6001            STR              R1, [R0]
  199 00000030         ; ================================================
  200 00000030         
  201 00000030 480A            LDR              R0, =SystemInit
  202 00000032 4780            BLX              R0
  203 00000034 480A            LDR              R0, =__main
  204 00000036 4700            BX               R0
  205 00000038                 ENDP
  206 00000038         
  207 00000038         ; Dummy Exception Handlers (infinite loops which can be 
                       modified)
  208 00000038         
  209 00000038         NMI_Handler
                               PROC
  210 00000038                 EXPORT           NMI_Handler                [WEA
K]
  211 00000038 E7FE            B                .
  212 0000003A                 ENDP
  214 0000003A         HardFault_Handler
                               PROC
  215 0000003A                 EXPORT           HardFault_Handler          [WEA
K]
  216 0000003A E7FE            B                .
  217 0000003C                 ENDP
  219 0000003C         MemManage_Handler
                               PROC
  220 0000003C                 EXPORT           MemManage_Handler          [WEA
K]
  221 0000003C E7FE            B                .



ARM Macro Assembler    Page 9 


  222 0000003E                 ENDP
  224 0000003E         BusFault_Handler
                               PROC
  225 0000003E                 EXPORT           BusFault_Handler           [WEA
K]
  226 0000003E E7FE            B                .
  227 00000040                 ENDP
  229 00000040         UsageFault_Handler
                               PROC
  230 00000040                 EXPORT           UsageFault_Handler         [WEA
K]
  231 00000040 E7FE            B                .
  232 00000042                 ENDP
  233 00000042         SVC_Handler
                               PROC
  234 00000042                 EXPORT           SVC_Handler                [WEA
K]
  235 00000042 E7FE            B                .
  236 00000044                 ENDP
  238 00000044         DebugMon_Handler
                               PROC
  239 00000044                 EXPORT           DebugMon_Handler           [WEA
K]
  240 00000044 E7FE            B                .
  241 00000046                 ENDP
  242 00000046         PendSV_Handler
                               PROC
  243 00000046                 EXPORT           PendSV_Handler             [WEA
K]
  244 00000046 E7FE            B                .
  245 00000048                 ENDP
  246 00000048         SysTick_Handler
                               PROC
  247 00000048                 EXPORT           SysTick_Handler            [WEA
K]
  248 00000048 E7FE            B                .
  249 0000004A                 ENDP
  250 0000004A         
  251 0000004A         Default_Handler
                               PROC
  252 0000004A         
  253 0000004A                 EXPORT           WWDG_IRQHandler                
   [WEAK]
  254 0000004A                 EXPORT           PVD_IRQHandler                 
   [WEAK]
  255 0000004A                 EXPORT           TAMP_STAMP_IRQHandler          
   [WEAK]
  256 0000004A                 EXPORT           RTC_WKUP_IRQHandler            
   [WEAK]
  257 0000004A                 EXPORT           FLASH_IRQHandler               
   [WEAK]
  258 0000004A                 EXPORT           RCC_IRQHandler                 
   [WEAK]
  259 0000004A                 EXPORT           EXTI0_IRQHandler               
   [WEAK]
  260 0000004A                 EXPORT           EXTI1_IRQHandler               
   [WEAK]
  261 0000004A                 EXPORT           EXTI2_IRQHandler               
   [WEAK]



ARM Macro Assembler    Page 10 


  262 0000004A                 EXPORT           EXTI3_IRQHandler               
   [WEAK]
  263 0000004A                 EXPORT           EXTI4_IRQHandler               
   [WEAK]
  264 0000004A                 EXPORT           DMA1_Stream0_IRQHandler        
   [WEAK]
  265 0000004A                 EXPORT           DMA1_Stream1_IRQHandler        
   [WEAK]
  266 0000004A                 EXPORT           DMA1_Stream2_IRQHandler        
   [WEAK]
  267 0000004A                 EXPORT           DMA1_Stream3_IRQHandler        
   [WEAK]
  268 0000004A                 EXPORT           DMA1_Stream4_IRQHandler        
   [WEAK]
  269 0000004A                 EXPORT           DMA1_Stream5_IRQHandler        
   [WEAK]
  270 0000004A                 EXPORT           DMA1_Stream6_IRQHandler        
   [WEAK]
  271 0000004A                 EXPORT           ADC_IRQHandler                 
   [WEAK]
  272 0000004A                 EXPORT           CAN1_TX_IRQHandler             
   [WEAK]
  273 0000004A                 EXPORT           CAN1_RX0_IRQHandler            
   [WEAK]
  274 0000004A                 EXPORT           CAN1_RX1_IRQHandler            
   [WEAK]
  275 0000004A                 EXPORT           CAN1_SCE_IRQHandler            
   [WEAK]
  276 0000004A                 EXPORT           EXTI9_5_IRQHandler             
   [WEAK]
  277 0000004A                 EXPORT           TIM1_BRK_TIM9_IRQHandler       
   [WEAK]
  278 0000004A                 EXPORT           TIM1_UP_TIM10_IRQHandler       
   [WEAK]
  279 0000004A                 EXPORT           TIM1_TRG_COM_TIM11_IRQHandler  
   [WEAK]
  280 0000004A                 EXPORT           TIM1_CC_IRQHandler             
   [WEAK]
  281 0000004A                 EXPORT           TIM2_IRQHandler                
   [WEAK]
  282 0000004A                 EXPORT           TIM3_IRQHandler                
   [WEAK]
  283 0000004A                 EXPORT           TIM4_IRQHandler                
   [WEAK]
  284 0000004A                 EXPORT           I2C1_EV_IRQHandler             
   [WEAK]
  285 0000004A                 EXPORT           I2C1_ER_IRQHandler             
   [WEAK]
  286 0000004A                 EXPORT           I2C2_EV_IRQHandler             
   [WEAK]
  287 0000004A                 EXPORT           I2C2_ER_IRQHandler             
   [WEAK]
  288 0000004A                 EXPORT           SPI1_IRQHandler                
   [WEAK]
  289 0000004A                 EXPORT           SPI2_IRQHandler                
   [WEAK]
  290 0000004A                 EXPORT           USART1_IRQHandler              
   [WEAK]
  291 0000004A                 EXPORT           USART2_IRQHandler              



ARM Macro Assembler    Page 11 


   [WEAK]
  292 0000004A                 EXPORT           USART3_IRQHandler              
   [WEAK]
  293 0000004A                 EXPORT           EXTI15_10_IRQHandler           
   [WEAK]
  294 0000004A                 EXPORT           RTC_Alarm_IRQHandler           
   [WEAK]
  295 0000004A                 EXPORT           OTG_FS_WKUP_IRQHandler         
   [WEAK]
  296 0000004A                 EXPORT           TIM8_BRK_TIM12_IRQHandler      
   [WEAK]
  297 0000004A                 EXPORT           TIM8_UP_TIM13_IRQHandler       
   [WEAK]
  298 0000004A                 EXPORT           TIM8_TRG_COM_TIM14_IRQHandler  
   [WEAK]
  299 0000004A                 EXPORT           TIM8_CC_IRQHandler             
   [WEAK]
  300 0000004A                 EXPORT           DMA1_Stream7_IRQHandler        
   [WEAK]
  301 0000004A                 EXPORT           FMC_IRQHandler                 
   [WEAK]
  302 0000004A                 EXPORT           SDIO_IRQHandler                
   [WEAK]
  303 0000004A                 EXPORT           TIM5_IRQHandler                
   [WEAK]
  304 0000004A                 EXPORT           SPI3_IRQHandler                
   [WEAK]
  305 0000004A                 EXPORT           UART4_IRQHandler               
   [WEAK]
  306 0000004A                 EXPORT           UART5_IRQHandler               
   [WEAK]
  307 0000004A                 EXPORT           TIM6_DAC_IRQHandler            
   [WEAK]
  308 0000004A                 EXPORT           TIM7_IRQHandler                
   [WEAK]
  309 0000004A                 EXPORT           DMA2_Stream0_IRQHandler        
   [WEAK]
  310 0000004A                 EXPORT           DMA2_Stream1_IRQHandler        
   [WEAK]
  311 0000004A                 EXPORT           DMA2_Stream2_IRQHandler        
   [WEAK]
  312 0000004A                 EXPORT           DMA2_Stream3_IRQHandler        
   [WEAK]
  313 0000004A                 EXPORT           DMA2_Stream4_IRQHandler        
   [WEAK]
  314 0000004A                 EXPORT           ETH_IRQHandler                 
   [WEAK]
  315 0000004A                 EXPORT           ETH_WKUP_IRQHandler            
   [WEAK]
  316 0000004A                 EXPORT           CAN2_TX_IRQHandler             
   [WEAK]
  317 0000004A                 EXPORT           CAN2_RX0_IRQHandler            
   [WEAK]
  318 0000004A                 EXPORT           CAN2_RX1_IRQHandler            
   [WEAK]
  319 0000004A                 EXPORT           CAN2_SCE_IRQHandler            
   [WEAK]
  320 0000004A                 EXPORT           OTG_FS_IRQHandler              
   [WEAK]



ARM Macro Assembler    Page 12 


  321 0000004A                 EXPORT           DMA2_Stream5_IRQHandler        
   [WEAK]
  322 0000004A                 EXPORT           DMA2_Stream6_IRQHandler        
   [WEAK]
  323 0000004A                 EXPORT           DMA2_Stream7_IRQHandler        
   [WEAK]
  324 0000004A                 EXPORT           USART6_IRQHandler              
   [WEAK]
  325 0000004A                 EXPORT           I2C3_EV_IRQHandler             
   [WEAK]
  326 0000004A                 EXPORT           I2C3_ER_IRQHandler             
   [WEAK]
  327 0000004A                 EXPORT           OTG_HS_EP1_OUT_IRQHandler      
   [WEAK]
  328 0000004A                 EXPORT           OTG_HS_EP1_IN_IRQHandler       
   [WEAK]
  329 0000004A                 EXPORT           OTG_HS_WKUP_IRQHandler         
   [WEAK]
  330 0000004A                 EXPORT           OTG_HS_IRQHandler              
   [WEAK]
  331 0000004A                 EXPORT           DCMI_IRQHandler                
   [WEAK]
  332 0000004A                 EXPORT           HASH_RNG_IRQHandler            
   [WEAK]
  333 0000004A                 EXPORT           FPU_IRQHandler                 
   [WEAK]
  334 0000004A         
  335 0000004A         WWDG_IRQHandler
  336 0000004A         PVD_IRQHandler
  337 0000004A         TAMP_STAMP_IRQHandler
  338 0000004A         RTC_WKUP_IRQHandler
  339 0000004A         FLASH_IRQHandler
  340 0000004A         RCC_IRQHandler
  341 0000004A         EXTI0_IRQHandler
  342 0000004A         EXTI1_IRQHandler
  343 0000004A         EXTI2_IRQHandler
  344 0000004A         EXTI3_IRQHandler
  345 0000004A         EXTI4_IRQHandler
  346 0000004A         DMA1_Stream0_IRQHandler
  347 0000004A         DMA1_Stream1_IRQHandler
  348 0000004A         DMA1_Stream2_IRQHandler
  349 0000004A         DMA1_Stream3_IRQHandler
  350 0000004A         DMA1_Stream4_IRQHandler
  351 0000004A         DMA1_Stream5_IRQHandler
  352 0000004A         DMA1_Stream6_IRQHandler
  353 0000004A         ADC_IRQHandler
  354 0000004A         CAN1_TX_IRQHandler
  355 0000004A         CAN1_RX0_IRQHandler
  356 0000004A         CAN1_RX1_IRQHandler
  357 0000004A         CAN1_SCE_IRQHandler
  358 0000004A         EXTI9_5_IRQHandler
  359 0000004A         TIM1_BRK_TIM9_IRQHandler
  360 0000004A         TIM1_UP_TIM10_IRQHandler
  361 0000004A         TIM1_TRG_COM_TIM11_IRQHandler
  362 0000004A         TIM1_CC_IRQHandler
  363 0000004A         TIM2_IRQHandler
  364 0000004A         TIM3_IRQHandler
  365 0000004A         TIM4_IRQHandler
  366 0000004A         I2C1_EV_IRQHandler



ARM Macro Assembler    Page 13 


  367 0000004A         I2C1_ER_IRQHandler
  368 0000004A         I2C2_EV_IRQHandler
  369 0000004A         I2C2_ER_IRQHandler
  370 0000004A         SPI1_IRQHandler
  371 0000004A         SPI2_IRQHandler
  372 0000004A         USART1_IRQHandler
  373 0000004A         USART2_IRQHandler
  374 0000004A         USART3_IRQHandler
  375 0000004A         EXTI15_10_IRQHandler
  376 0000004A         RTC_Alarm_IRQHandler
  377 0000004A         OTG_FS_WKUP_IRQHandler
  378 0000004A         TIM8_BRK_TIM12_IRQHandler
  379 0000004A         TIM8_UP_TIM13_IRQHandler
  380 0000004A         TIM8_TRG_COM_TIM14_IRQHandler
  381 0000004A         TIM8_CC_IRQHandler
  382 0000004A         DMA1_Stream7_IRQHandler
  383 0000004A         FMC_IRQHandler
  384 0000004A         SDIO_IRQHandler
  385 0000004A         TIM5_IRQHandler
  386 0000004A         SPI3_IRQHandler
  387 0000004A         UART4_IRQHandler
  388 0000004A         UART5_IRQHandler
  389 0000004A         TIM6_DAC_IRQHandler
  390 0000004A         TIM7_IRQHandler
  391 0000004A         DMA2_Stream0_IRQHandler
  392 0000004A         DMA2_Stream1_IRQHandler
  393 0000004A         DMA2_Stream2_IRQHandler
  394 0000004A         DMA2_Stream3_IRQHandler
  395 0000004A         DMA2_Stream4_IRQHandler
  396 0000004A         ETH_IRQHandler
  397 0000004A         ETH_WKUP_IRQHandler
  398 0000004A         CAN2_TX_IRQHandler
  399 0000004A         CAN2_RX0_IRQHandler
  400 0000004A         CAN2_RX1_IRQHandler
  401 0000004A         CAN2_SCE_IRQHandler
  402 0000004A         OTG_FS_IRQHandler
  403 0000004A         DMA2_Stream5_IRQHandler
  404 0000004A         DMA2_Stream6_IRQHandler
  405 0000004A         DMA2_Stream7_IRQHandler
  406 0000004A         USART6_IRQHandler
  407 0000004A         I2C3_EV_IRQHandler
  408 0000004A         I2C3_ER_IRQHandler
  409 0000004A         OTG_HS_EP1_OUT_IRQHandler
  410 0000004A         OTG_HS_EP1_IN_IRQHandler
  411 0000004A         OTG_HS_WKUP_IRQHandler
  412 0000004A         OTG_HS_IRQHandler
  413 0000004A         DCMI_IRQHandler
  414 0000004A         HASH_RNG_IRQHandler
  415 0000004A         FPU_IRQHandler
  416 0000004A         
  417 0000004A E7FE            B                .
  418 0000004C         
  419 0000004C                 ENDP
  420 0000004C         
  421 0000004C                 ALIGN
  422 0000004C         
  423 0000004C         ;*******************************************************
                       ************************
  424 0000004C         ; User Stack and Heap initialization



ARM Macro Assembler    Page 14 


  425 0000004C         ;*******************************************************
                       ************************
  426 0000004C                 IF               :DEF:__MICROLIB
  427 0000004C         
  428 0000004C                 EXPORT           __initial_sp
  429 0000004C                 EXPORT           __heap_base
  430 0000004C                 EXPORT           __heap_limit
  431 0000004C         
  432 0000004C                 ELSE
  447                          ENDIF
  448 0000004C         
  449 0000004C                 END
              40023830 
              40021400 
              40021418 
              40003000 
              00000000 
              00000000 
Command Line: --debug --xref --diag_suppress=9931 --cpu=Cortex-M4.fp.sp --apcs=
interwork --depend=app\startup_stm32f407xx.d -oapp\startup_stm32f407xx.o -I.\RT
E\_APP -ID:\MDK\PACK\ARM\CMSIS\5.9.0\CMSIS\Core\Include -ID:\MDK\PACK\Keil\STM3
2F4xx_DFP\2.17.0\Drivers\CMSIS\Device\ST\STM32F4xx\Include --predefine="__MICRO
LIB SETA 1" --predefine="__UVISION_VERSION SETA 538" --predefine="_RTE_ SETA 1"
 --predefine="STM32F407xx SETA 1" --predefine="_RTE_ SETA 1" --list=startup_stm
32f407xx.lst startup_stm32f407xx.s



ARM Macro Assembler    Page 1 Alphabetic symbol ordering
Relocatable symbols

STACK 00000000

Symbol: STACK
   Definitions
      At line 34 in file startup_stm32f407xx.s
   Uses
      None
Comment: STACK unused
Stack_Mem 00000000

Symbol: Stack_Mem
   Definitions
      At line 35 in file startup_stm32f407xx.s
   Uses
      None
Comment: Stack_Mem unused
__initial_sp 00001000

Symbol: __initial_sp
   Definitions
      At line 36 in file startup_stm32f407xx.s
   Uses
      At line 60 in file startup_stm32f407xx.s
      At line 428 in file startup_stm32f407xx.s

3 symbols



ARM Macro Assembler    Page 1 Alphabetic symbol ordering
Relocatable symbols

HEAP 00000000

Symbol: HEAP
   Definitions
      At line 45 in file startup_stm32f407xx.s
   Uses
      None
Comment: HEAP unused
Heap_Mem 00000000

Symbol: Heap_Mem
   Definitions
      At line 47 in file startup_stm32f407xx.s
   Uses
      None
Comment: Heap_Mem unused
__heap_base 00000000

Symbol: __heap_base
   Definitions
      At line 46 in file startup_stm32f407xx.s
   Uses
      At line 429 in file startup_stm32f407xx.s
Comment: __heap_base used once
__heap_limit 00001000

Symbol: __heap_limit
   Definitions
      At line 48 in file startup_stm32f407xx.s
   Uses
      At line 430 in file startup_stm32f407xx.s
Comment: __heap_limit used once
4 symbols



ARM Macro Assembler    Page 1 Alphabetic symbol ordering
Relocatable symbols

RESET 00000000

Symbol: RESET
   Definitions
      At line 55 in file startup_stm32f407xx.s
   Uses
      None
Comment: RESET unused
__Vectors 00000000

Symbol: __Vectors
   Definitions
      At line 60 in file startup_stm32f407xx.s
   Uses
      At line 56 in file startup_stm32f407xx.s
      At line 164 in file startup_stm32f407xx.s

__Vectors_End 00000188

Symbol: __Vectors_End
   Definitions
      At line 162 in file startup_stm32f407xx.s
   Uses
      At line 57 in file startup_stm32f407xx.s
      At line 164 in file startup_stm32f407xx.s

3 symbols



ARM Macro Assembler    Page 1 Alphabetic symbol ordering
Relocatable symbols

.text 00000000

Symbol: .text
   Definitions
      At line 166 in file startup_stm32f407xx.s
   Uses
      None
Comment: .text unused
ADC_IRQHandler 0000004A

Symbol: ADC_IRQHandler
   Definitions
      At line 353 in file startup_stm32f407xx.s
   Uses
      At line 96 in file startup_stm32f407xx.s
      At line 271 in file startup_stm32f407xx.s

BusFault_Handler 0000003E

Symbol: BusFault_Handler
   Definitions
      At line 224 in file startup_stm32f407xx.s
   Uses
      At line 65 in file startup_stm32f407xx.s
      At line 225 in file startup_stm32f407xx.s

CAN1_RX0_IRQHandler 0000004A

Symbol: CAN1_RX0_IRQHandler
   Definitions
      At line 355 in file startup_stm32f407xx.s
   Uses
      At line 98 in file startup_stm32f407xx.s
      At line 273 in file startup_stm32f407xx.s

CAN1_RX1_IRQHandler 0000004A

Symbol: CAN1_RX1_IRQHandler
   Definitions
      At line 356 in file startup_stm32f407xx.s
   Uses
      At line 99 in file startup_stm32f407xx.s
      At line 274 in file startup_stm32f407xx.s

CAN1_SCE_IRQHandler 0000004A

Symbol: CAN1_SCE_IRQHandler
   Definitions
      At line 357 in file startup_stm32f407xx.s
   Uses
      At line 100 in file startup_stm32f407xx.s
      At line 275 in file startup_stm32f407xx.s

CAN1_TX_IRQHandler 0000004A

Symbol: CAN1_TX_IRQHandler
   Definitions
      At line 354 in file startup_stm32f407xx.s
   Uses



ARM Macro Assembler    Page 2 Alphabetic symbol ordering
Relocatable symbols

      At line 97 in file startup_stm32f407xx.s
      At line 272 in file startup_stm32f407xx.s

CAN2_RX0_IRQHandler 0000004A

Symbol: CAN2_RX0_IRQHandler
   Definitions
      At line 399 in file startup_stm32f407xx.s
   Uses
      At line 142 in file startup_stm32f407xx.s
      At line 317 in file startup_stm32f407xx.s

CAN2_RX1_IRQHandler 0000004A

Symbol: CAN2_RX1_IRQHandler
   Definitions
      At line 400 in file startup_stm32f407xx.s
   Uses
      At line 143 in file startup_stm32f407xx.s
      At line 318 in file startup_stm32f407xx.s

CAN2_SCE_IRQHandler 0000004A

Symbol: CAN2_SCE_IRQHandler
   Definitions
      At line 401 in file startup_stm32f407xx.s
   Uses
      At line 144 in file startup_stm32f407xx.s
      At line 319 in file startup_stm32f407xx.s

CAN2_TX_IRQHandler 0000004A

Symbol: CAN2_TX_IRQHandler
   Definitions
      At line 398 in file startup_stm32f407xx.s
   Uses
      At line 141 in file startup_stm32f407xx.s
      At line 316 in file startup_stm32f407xx.s

DCMI_IRQHandler 0000004A

Symbol: DCMI_IRQHandler
   Definitions
      At line 413 in file startup_stm32f407xx.s
   Uses
      At line 156 in file startup_stm32f407xx.s
      At line 331 in file startup_stm32f407xx.s

DMA1_Stream0_IRQHandler 0000004A

Symbol: DMA1_Stream0_IRQHandler
   Definitions
      At line 346 in file startup_stm32f407xx.s
   Uses
      At line 89 in file startup_stm32f407xx.s
      At line 264 in file startup_stm32f407xx.s

DMA1_Stream1_IRQHandler 0000004A




ARM Macro Assembler    Page 3 Alphabetic symbol ordering
Relocatable symbols

Symbol: DMA1_Stream1_IRQHandler
   Definitions
      At line 347 in file startup_stm32f407xx.s
   Uses
      At line 90 in file startup_stm32f407xx.s
      At line 265 in file startup_stm32f407xx.s

DMA1_Stream2_IRQHandler 0000004A

Symbol: DMA1_Stream2_IRQHandler
   Definitions
      At line 348 in file startup_stm32f407xx.s
   Uses
      At line 91 in file startup_stm32f407xx.s
      At line 266 in file startup_stm32f407xx.s

DMA1_Stream3_IRQHandler 0000004A

Symbol: DMA1_Stream3_IRQHandler
   Definitions
      At line 349 in file startup_stm32f407xx.s
   Uses
      At line 92 in file startup_stm32f407xx.s
      At line 267 in file startup_stm32f407xx.s

DMA1_Stream4_IRQHandler 0000004A

Symbol: DMA1_Stream4_IRQHandler
   Definitions
      At line 350 in file startup_stm32f407xx.s
   Uses
      At line 93 in file startup_stm32f407xx.s
      At line 268 in file startup_stm32f407xx.s

DMA1_Stream5_IRQHandler 0000004A

Symbol: DMA1_Stream5_IRQHandler
   Definitions
      At line 351 in file startup_stm32f407xx.s
   Uses
      At line 94 in file startup_stm32f407xx.s
      At line 269 in file startup_stm32f407xx.s

DMA1_Stream6_IRQHandler 0000004A

Symbol: DMA1_Stream6_IRQHandler
   Definitions
      At line 352 in file startup_stm32f407xx.s
   Uses
      At line 95 in file startup_stm32f407xx.s
      At line 270 in file startup_stm32f407xx.s

DMA1_Stream7_IRQHandler 0000004A

Symbol: DMA1_Stream7_IRQHandler
   Definitions
      At line 382 in file startup_stm32f407xx.s
   Uses
      At line 125 in file startup_stm32f407xx.s



ARM Macro Assembler    Page 4 Alphabetic symbol ordering
Relocatable symbols

      At line 300 in file startup_stm32f407xx.s

DMA2_Stream0_IRQHandler 0000004A

Symbol: DMA2_Stream0_IRQHandler
   Definitions
      At line 391 in file startup_stm32f407xx.s
   Uses
      At line 134 in file startup_stm32f407xx.s
      At line 309 in file startup_stm32f407xx.s

DMA2_Stream1_IRQHandler 0000004A

Symbol: DMA2_Stream1_IRQHandler
   Definitions
      At line 392 in file startup_stm32f407xx.s
   Uses
      At line 135 in file startup_stm32f407xx.s
      At line 310 in file startup_stm32f407xx.s

DMA2_Stream2_IRQHandler 0000004A

Symbol: DMA2_Stream2_IRQHandler
   Definitions
      At line 393 in file startup_stm32f407xx.s
   Uses
      At line 136 in file startup_stm32f407xx.s
      At line 311 in file startup_stm32f407xx.s

DMA2_Stream3_IRQHandler 0000004A

Symbol: DMA2_Stream3_IRQHandler
   Definitions
      At line 394 in file startup_stm32f407xx.s
   Uses
      At line 137 in file startup_stm32f407xx.s
      At line 312 in file startup_stm32f407xx.s

DMA2_Stream4_IRQHandler 0000004A

Symbol: DMA2_Stream4_IRQHandler
   Definitions
      At line 395 in file startup_stm32f407xx.s
   Uses
      At line 138 in file startup_stm32f407xx.s
      At line 313 in file startup_stm32f407xx.s

DMA2_Stream5_IRQHandler 0000004A

Symbol: DMA2_Stream5_IRQHandler
   Definitions
      At line 403 in file startup_stm32f407xx.s
   Uses
      At line 146 in file startup_stm32f407xx.s
      At line 321 in file startup_stm32f407xx.s

DMA2_Stream6_IRQHandler 0000004A

Symbol: DMA2_Stream6_IRQHandler



ARM Macro Assembler    Page 5 Alphabetic symbol ordering
Relocatable symbols

   Definitions
      At line 404 in file startup_stm32f407xx.s
   Uses
      At line 147 in file startup_stm32f407xx.s
      At line 322 in file startup_stm32f407xx.s

DMA2_Stream7_IRQHandler 0000004A

Symbol: DMA2_Stream7_IRQHandler
   Definitions
      At line 405 in file startup_stm32f407xx.s
   Uses
      At line 148 in file startup_stm32f407xx.s
      At line 323 in file startup_stm32f407xx.s

DebugMon_Handler 00000044

Symbol: DebugMon_Handler
   Definitions
      At line 238 in file startup_stm32f407xx.s
   Uses
      At line 72 in file startup_stm32f407xx.s
      At line 239 in file startup_stm32f407xx.s

Default_Handler 0000004A

Symbol: Default_Handler
   Definitions
      At line 251 in file startup_stm32f407xx.s
   Uses
      None
Comment: Default_Handler unused
ETH_IRQHandler 0000004A

Symbol: ETH_IRQHandler
   Definitions
      At line 396 in file startup_stm32f407xx.s
   Uses
      At line 139 in file startup_stm32f407xx.s
      At line 314 in file startup_stm32f407xx.s

ETH_WKUP_IRQHandler 0000004A

Symbol: ETH_WKUP_IRQHandler
   Definitions
      At line 397 in file startup_stm32f407xx.s
   Uses
      At line 140 in file startup_stm32f407xx.s
      At line 315 in file startup_stm32f407xx.s

EXTI0_IRQHandler 0000004A

Symbol: EXTI0_IRQHandler
   Definitions
      At line 341 in file startup_stm32f407xx.s
   Uses
      At line 84 in file startup_stm32f407xx.s
      At line 259 in file startup_stm32f407xx.s




ARM Macro Assembler    Page 6 Alphabetic symbol ordering
Relocatable symbols

EXTI15_10_IRQHandler 0000004A

Symbol: EXTI15_10_IRQHandler
   Definitions
      At line 375 in file startup_stm32f407xx.s
   Uses
      At line 118 in file startup_stm32f407xx.s
      At line 293 in file startup_stm32f407xx.s

EXTI1_IRQHandler 0000004A

Symbol: EXTI1_IRQHandler
   Definitions
      At line 342 in file startup_stm32f407xx.s
   Uses
      At line 85 in file startup_stm32f407xx.s
      At line 260 in file startup_stm32f407xx.s

EXTI2_IRQHandler 0000004A

Symbol: EXTI2_IRQHandler
   Definitions
      At line 343 in file startup_stm32f407xx.s
   Uses
      At line 86 in file startup_stm32f407xx.s
      At line 261 in file startup_stm32f407xx.s

EXTI3_IRQHandler 0000004A

Symbol: EXTI3_IRQHandler
   Definitions
      At line 344 in file startup_stm32f407xx.s
   Uses
      At line 87 in file startup_stm32f407xx.s
      At line 262 in file startup_stm32f407xx.s

EXTI4_IRQHandler 0000004A

Symbol: EXTI4_IRQHandler
   Definitions
      At line 345 in file startup_stm32f407xx.s
   Uses
      At line 88 in file startup_stm32f407xx.s
      At line 263 in file startup_stm32f407xx.s

EXTI9_5_IRQHandler 0000004A

Symbol: EXTI9_5_IRQHandler
   Definitions
      At line 358 in file startup_stm32f407xx.s
   Uses
      At line 101 in file startup_stm32f407xx.s
      At line 276 in file startup_stm32f407xx.s

FLASH_IRQHandler 0000004A

Symbol: FLASH_IRQHandler
   Definitions
      At line 339 in file startup_stm32f407xx.s



ARM Macro Assembler    Page 7 Alphabetic symbol ordering
Relocatable symbols

   Uses
      At line 82 in file startup_stm32f407xx.s
      At line 257 in file startup_stm32f407xx.s

FMC_IRQHandler 0000004A

Symbol: FMC_IRQHandler
   Definitions
      At line 383 in file startup_stm32f407xx.s
   Uses
      At line 126 in file startup_stm32f407xx.s
      At line 301 in file startup_stm32f407xx.s

FPU_IRQHandler 0000004A

Symbol: FPU_IRQHandler
   Definitions
      At line 415 in file startup_stm32f407xx.s
   Uses
      At line 159 in file startup_stm32f407xx.s
      At line 333 in file startup_stm32f407xx.s

HASH_RNG_IRQHandler 0000004A

Symbol: HASH_RNG_IRQHandler
   Definitions
      At line 414 in file startup_stm32f407xx.s
   Uses
      At line 158 in file startup_stm32f407xx.s
      At line 332 in file startup_stm32f407xx.s

HardFault_Handler 0000003A

Symbol: HardFault_Handler
   Definitions
      At line 214 in file startup_stm32f407xx.s
   Uses
      At line 63 in file startup_stm32f407xx.s
      At line 215 in file startup_stm32f407xx.s

I2C1_ER_IRQHandler 0000004A

Symbol: I2C1_ER_IRQHandler
   Definitions
      At line 367 in file startup_stm32f407xx.s
   Uses
      At line 110 in file startup_stm32f407xx.s
      At line 285 in file startup_stm32f407xx.s

I2C1_EV_IRQHandler 0000004A

Symbol: I2C1_EV_IRQHandler
   Definitions
      At line 366 in file startup_stm32f407xx.s
   Uses
      At line 109 in file startup_stm32f407xx.s
      At line 284 in file startup_stm32f407xx.s

I2C2_ER_IRQHandler 0000004A



ARM Macro Assembler    Page 8 Alphabetic symbol ordering
Relocatable symbols


Symbol: I2C2_ER_IRQHandler
   Definitions
      At line 369 in file startup_stm32f407xx.s
   Uses
      At line 112 in file startup_stm32f407xx.s
      At line 287 in file startup_stm32f407xx.s

I2C2_EV_IRQHandler 0000004A

Symbol: I2C2_EV_IRQHandler
   Definitions
      At line 368 in file startup_stm32f407xx.s
   Uses
      At line 111 in file startup_stm32f407xx.s
      At line 286 in file startup_stm32f407xx.s

I2C3_ER_IRQHandler 0000004A

Symbol: I2C3_ER_IRQHandler
   Definitions
      At line 408 in file startup_stm32f407xx.s
   Uses
      At line 151 in file startup_stm32f407xx.s
      At line 326 in file startup_stm32f407xx.s

I2C3_EV_IRQHandler 0000004A

Symbol: I2C3_EV_IRQHandler
   Definitions
      At line 407 in file startup_stm32f407xx.s
   Uses
      At line 150 in file startup_stm32f407xx.s
      At line 325 in file startup_stm32f407xx.s

MemManage_Handler 0000003C

Symbol: MemManage_Handler
   Definitions
      At line 219 in file startup_stm32f407xx.s
   Uses
      At line 64 in file startup_stm32f407xx.s
      At line 220 in file startup_stm32f407xx.s

NMI_Handler 00000038

Symbol: NMI_Handler
   Definitions
      At line 209 in file startup_stm32f407xx.s
   Uses
      At line 62 in file startup_stm32f407xx.s
      At line 210 in file startup_stm32f407xx.s

OTG_FS_IRQHandler 0000004A

Symbol: OTG_FS_IRQHandler
   Definitions
      At line 402 in file startup_stm32f407xx.s
   Uses



ARM Macro Assembler    Page 9 Alphabetic symbol ordering
Relocatable symbols

      At line 145 in file startup_stm32f407xx.s
      At line 320 in file startup_stm32f407xx.s

OTG_FS_WKUP_IRQHandler 0000004A

Symbol: OTG_FS_WKUP_IRQHandler
   Definitions
      At line 377 in file startup_stm32f407xx.s
   Uses
      At line 120 in file startup_stm32f407xx.s
      At line 295 in file startup_stm32f407xx.s

OTG_HS_EP1_IN_IRQHandler 0000004A

Symbol: OTG_HS_EP1_IN_IRQHandler
   Definitions
      At line 410 in file startup_stm32f407xx.s
   Uses
      At line 153 in file startup_stm32f407xx.s
      At line 328 in file startup_stm32f407xx.s

OTG_HS_EP1_OUT_IRQHandler 0000004A

Symbol: OTG_HS_EP1_OUT_IRQHandler
   Definitions
      At line 409 in file startup_stm32f407xx.s
   Uses
      At line 152 in file startup_stm32f407xx.s
      At line 327 in file startup_stm32f407xx.s

OTG_HS_IRQHandler 0000004A

Symbol: OTG_HS_IRQHandler
   Definitions
      At line 412 in file startup_stm32f407xx.s
   Uses
      At line 155 in file startup_stm32f407xx.s
      At line 330 in file startup_stm32f407xx.s

OTG_HS_WKUP_IRQHandler 0000004A

Symbol: OTG_HS_WKUP_IRQHandler
   Definitions
      At line 411 in file startup_stm32f407xx.s
   Uses
      At line 154 in file startup_stm32f407xx.s
      At line 329 in file startup_stm32f407xx.s

PVD_IRQHandler 0000004A

Symbol: PVD_IRQHandler
   Definitions
      At line 336 in file startup_stm32f407xx.s
   Uses
      At line 79 in file startup_stm32f407xx.s
      At line 254 in file startup_stm32f407xx.s

PendSV_Handler 00000046




ARM Macro Assembler    Page 10 Alphabetic symbol ordering
Relocatable symbols

Symbol: PendSV_Handler
   Definitions
      At line 242 in file startup_stm32f407xx.s
   Uses
      At line 74 in file startup_stm32f407xx.s
      At line 243 in file startup_stm32f407xx.s

RCC_IRQHandler 0000004A

Symbol: RCC_IRQHandler
   Definitions
      At line 340 in file startup_stm32f407xx.s
   Uses
      At line 83 in file startup_stm32f407xx.s
      At line 258 in file startup_stm32f407xx.s

RTC_Alarm_IRQHandler 0000004A

Symbol: RTC_Alarm_IRQHandler
   Definitions
      At line 376 in file startup_stm32f407xx.s
   Uses
      At line 119 in file startup_stm32f407xx.s
      At line 294 in file startup_stm32f407xx.s

RTC_WKUP_IRQHandler 0000004A

Symbol: RTC_WKUP_IRQHandler
   Definitions
      At line 338 in file startup_stm32f407xx.s
   Uses
      At line 81 in file startup_stm32f407xx.s
      At line 256 in file startup_stm32f407xx.s

Reset_Handler 00000000

Symbol: Reset_Handler
   Definitions
      At line 169 in file startup_stm32f407xx.s
   Uses
      At line 61 in file startup_stm32f407xx.s
      At line 170 in file startup_stm32f407xx.s

SDIO_IRQHandler 0000004A

Symbol: SDIO_IRQHandler
   Definitions
      At line 384 in file startup_stm32f407xx.s
   Uses
      At line 127 in file startup_stm32f407xx.s
      At line 302 in file startup_stm32f407xx.s

SPI1_IRQHandler 0000004A

Symbol: SPI1_IRQHandler
   Definitions
      At line 370 in file startup_stm32f407xx.s
   Uses
      At line 113 in file startup_stm32f407xx.s



ARM Macro Assembler    Page 11 Alphabetic symbol ordering
Relocatable symbols

      At line 288 in file startup_stm32f407xx.s

SPI2_IRQHandler 0000004A

Symbol: SPI2_IRQHandler
   Definitions
      At line 371 in file startup_stm32f407xx.s
   Uses
      At line 114 in file startup_stm32f407xx.s
      At line 289 in file startup_stm32f407xx.s

SPI3_IRQHandler 0000004A

Symbol: SPI3_IRQHandler
   Definitions
      At line 386 in file startup_stm32f407xx.s
   Uses
      At line 129 in file startup_stm32f407xx.s
      At line 304 in file startup_stm32f407xx.s

SVC_Handler 00000042

Symbol: SVC_Handler
   Definitions
      At line 233 in file startup_stm32f407xx.s
   Uses
      At line 71 in file startup_stm32f407xx.s
      At line 234 in file startup_stm32f407xx.s

SysTick_Handler 00000048

Symbol: SysTick_Handler
   Definitions
      At line 246 in file startup_stm32f407xx.s
   Uses
      At line 75 in file startup_stm32f407xx.s
      At line 247 in file startup_stm32f407xx.s

TAMP_STAMP_IRQHandler 0000004A

Symbol: TAMP_STAMP_IRQHandler
   Definitions
      At line 337 in file startup_stm32f407xx.s
   Uses
      At line 80 in file startup_stm32f407xx.s
      At line 255 in file startup_stm32f407xx.s

TIM1_BRK_TIM9_IRQHandler 0000004A

Symbol: TIM1_BRK_TIM9_IRQHandler
   Definitions
      At line 359 in file startup_stm32f407xx.s
   Uses
      At line 102 in file startup_stm32f407xx.s
      At line 277 in file startup_stm32f407xx.s

TIM1_CC_IRQHandler 0000004A

Symbol: TIM1_CC_IRQHandler



ARM Macro Assembler    Page 12 Alphabetic symbol ordering
Relocatable symbols

   Definitions
      At line 362 in file startup_stm32f407xx.s
   Uses
      At line 105 in file startup_stm32f407xx.s
      At line 280 in file startup_stm32f407xx.s

TIM1_TRG_COM_TIM11_IRQHandler 0000004A

Symbol: TIM1_TRG_COM_TIM11_IRQHandler
   Definitions
      At line 361 in file startup_stm32f407xx.s
   Uses
      At line 104 in file startup_stm32f407xx.s
      At line 279 in file startup_stm32f407xx.s

TIM1_UP_TIM10_IRQHandler 0000004A

Symbol: TIM1_UP_TIM10_IRQHandler
   Definitions
      At line 360 in file startup_stm32f407xx.s
   Uses
      At line 103 in file startup_stm32f407xx.s
      At line 278 in file startup_stm32f407xx.s

TIM2_IRQHandler 0000004A

Symbol: TIM2_IRQHandler
   Definitions
      At line 363 in file startup_stm32f407xx.s
   Uses
      At line 106 in file startup_stm32f407xx.s
      At line 281 in file startup_stm32f407xx.s

TIM3_IRQHandler 0000004A

Symbol: TIM3_IRQHandler
   Definitions
      At line 364 in file startup_stm32f407xx.s
   Uses
      At line 107 in file startup_stm32f407xx.s
      At line 282 in file startup_stm32f407xx.s

TIM4_IRQHandler 0000004A

Symbol: TIM4_IRQHandler
   Definitions
      At line 365 in file startup_stm32f407xx.s
   Uses
      At line 108 in file startup_stm32f407xx.s
      At line 283 in file startup_stm32f407xx.s

TIM5_IRQHandler 0000004A

Symbol: TIM5_IRQHandler
   Definitions
      At line 385 in file startup_stm32f407xx.s
   Uses
      At line 128 in file startup_stm32f407xx.s
      At line 303 in file startup_stm32f407xx.s



ARM Macro Assembler    Page 13 Alphabetic symbol ordering
Relocatable symbols


TIM6_DAC_IRQHandler 0000004A

Symbol: TIM6_DAC_IRQHandler
   Definitions
      At line 389 in file startup_stm32f407xx.s
   Uses
      At line 132 in file startup_stm32f407xx.s
      At line 307 in file startup_stm32f407xx.s

TIM7_IRQHandler 0000004A

Symbol: TIM7_IRQHandler
   Definitions
      At line 390 in file startup_stm32f407xx.s
   Uses
      At line 133 in file startup_stm32f407xx.s
      At line 308 in file startup_stm32f407xx.s

TIM8_BRK_TIM12_IRQHandler 0000004A

Symbol: TIM8_BRK_TIM12_IRQHandler
   Definitions
      At line 378 in file startup_stm32f407xx.s
   Uses
      At line 121 in file startup_stm32f407xx.s
      At line 296 in file startup_stm32f407xx.s

TIM8_CC_IRQHandler 0000004A

Symbol: TIM8_CC_IRQHandler
   Definitions
      At line 381 in file startup_stm32f407xx.s
   Uses
      At line 124 in file startup_stm32f407xx.s
      At line 299 in file startup_stm32f407xx.s

TIM8_TRG_COM_TIM14_IRQHandler 0000004A

Symbol: TIM8_TRG_COM_TIM14_IRQHandler
   Definitions
      At line 380 in file startup_stm32f407xx.s
   Uses
      At line 123 in file startup_stm32f407xx.s
      At line 298 in file startup_stm32f407xx.s

TIM8_UP_TIM13_IRQHandler 0000004A

Symbol: TIM8_UP_TIM13_IRQHandler
   Definitions
      At line 379 in file startup_stm32f407xx.s
   Uses
      At line 122 in file startup_stm32f407xx.s
      At line 297 in file startup_stm32f407xx.s

UART4_IRQHandler 0000004A

Symbol: UART4_IRQHandler
   Definitions



ARM Macro Assembler    Page 14 Alphabetic symbol ordering
Relocatable symbols

      At line 387 in file startup_stm32f407xx.s
   Uses
      At line 130 in file startup_stm32f407xx.s
      At line 305 in file startup_stm32f407xx.s

UART5_IRQHandler 0000004A

Symbol: UART5_IRQHandler
   Definitions
      At line 388 in file startup_stm32f407xx.s
   Uses
      At line 131 in file startup_stm32f407xx.s
      At line 306 in file startup_stm32f407xx.s

USART1_IRQHandler 0000004A

Symbol: USART1_IRQHandler
   Definitions
      At line 372 in file startup_stm32f407xx.s
   Uses
      At line 115 in file startup_stm32f407xx.s
      At line 290 in file startup_stm32f407xx.s

USART2_IRQHandler 0000004A

Symbol: USART2_IRQHandler
   Definitions
      At line 373 in file startup_stm32f407xx.s
   Uses
      At line 116 in file startup_stm32f407xx.s
      At line 291 in file startup_stm32f407xx.s

USART3_IRQHandler 0000004A

Symbol: USART3_IRQHandler
   Definitions
      At line 374 in file startup_stm32f407xx.s
   Uses
      At line 117 in file startup_stm32f407xx.s
      At line 292 in file startup_stm32f407xx.s

USART6_IRQHandler 0000004A

Symbol: USART6_IRQHandler
   Definitions
      At line 406 in file startup_stm32f407xx.s
   Uses
      At line 149 in file startup_stm32f407xx.s
      At line 324 in file startup_stm32f407xx.s

UsageFault_Handler 00000040

Symbol: UsageFault_Handler
   Definitions
      At line 229 in file startup_stm32f407xx.s
   Uses
      At line 66 in file startup_stm32f407xx.s
      At line 230 in file startup_stm32f407xx.s




ARM Macro Assembler    Page 15 Alphabetic symbol ordering
Relocatable symbols

WWDG_IRQHandler 0000004A

Symbol: WWDG_IRQHandler
   Definitions
      At line 335 in file startup_stm32f407xx.s
   Uses
      At line 78 in file startup_stm32f407xx.s
      At line 253 in file startup_stm32f407xx.s

93 symbols



ARM Macro Assembler    Page 1 Alphabetic symbol ordering
Absolute symbols

Heap_Size 00001000

Symbol: Heap_Size
   Definitions
      At line 43 in file startup_stm32f407xx.s
   Uses
      At line 47 in file startup_stm32f407xx.s
Comment: Heap_Size used once
Stack_Size 00001000

Symbol: Stack_Size
   Definitions
      At line 32 in file startup_stm32f407xx.s
   Uses
      At line 35 in file startup_stm32f407xx.s
Comment: Stack_Size used once
__Vectors_Size 00000188

Symbol: __Vectors_Size
   Definitions
      At line 164 in file startup_stm32f407xx.s
   Uses
      At line 58 in file startup_stm32f407xx.s
Comment: __Vectors_Size used once
3 symbols



ARM Macro Assembler    Page 1 Alphabetic symbol ordering
External symbols

SystemInit 00000000

Symbol: SystemInit
   Definitions
      At line 171 in file startup_stm32f407xx.s
   Uses
      At line 201 in file startup_stm32f407xx.s
Comment: SystemInit used once
__main 00000000

Symbol: __main
   Definitions
      At line 172 in file startup_stm32f407xx.s
   Uses
      At line 203 in file startup_stm32f407xx.s
Comment: __main used once
2 symbols
445 symbols in table
